<?xml version="1.0" encoding="UTF-8"?>
<!-- Generated by org.testng.reporters.JUnitXMLReporter -->
<testsuite hostname="RSI1548" ignored="0" name="Automacao utilizando TDD" tests="6" failures="0" timestamp="07 Feb 2020 02:52:53 GMT" time="156.46" errors="0">
  <testcase name="deveFazerUmteste0" time="37.207" classname="br.com.rsinet.appium.tdd.teste.CenarioCadastro"/>
  <testcase name="deveFazerUmteste1" time="33.897" classname="br.com.rsinet.appium.tdd.teste.CenarioCadastro"/>
  <testcase name="deveBuscarProduto0" time="6.593" classname="br.com.rsinet.appium.tdd.teste.CenarioBuscarLupa"/>
  <testcase name="deveBuscarProduto1" time="3.555" classname="br.com.rsinet.appium.tdd.teste.CenarioBuscarLupa"/>
  <testcase name="deveBuscarProduto0" time="5.245" classname="br.com.rsinet.appium.tdd.teste.CenarioBuscarHome"/>
  <testcase name="deveBuscarProduto1" time="18.038" classname="br.com.rsinet.appium.tdd.teste.CenarioBuscarHome"/>
</testsuite> <!-- Automacao utilizando TDD -->
