<?xml version="1.0" encoding="UTF-8"?>
<!-- Generated by org.testng.reporters.JUnitXMLReporter -->
<testsuite hostname="RSI1548" ignored="0" name="Automacao utilizando TDD" tests="6" failures="0" timestamp="07 fev 2020 02:01:39 GMT" time="251.558" errors="0">
  <testcase name="deveFazerUmteste0" time="60.583" classname="br.com.rsinet.appium.tdd.teste.CenarioCadastro"/>
  <testcase name="deveFazerUmteste1" time="56.015" classname="br.com.rsinet.appium.tdd.teste.CenarioCadastro"/>
  <testcase name="deveBuscarProduto0" time="8.203" classname="br.com.rsinet.appium.tdd.teste.CenarioBuscarLupa"/>
  <testcase name="deveBuscarProduto1" time="5.147" classname="br.com.rsinet.appium.tdd.teste.CenarioBuscarLupa"/>
  <testcase name="deveBuscarProduto0" time="7.335" classname="br.com.rsinet.appium.tdd.teste.CenarioBuscarHome"/>
  <testcase name="deveBuscarProduto1" time="23.886" classname="br.com.rsinet.appium.tdd.teste.CenarioBuscarHome"/>
</testsuite> <!-- Automacao utilizando TDD -->
