<?xml version="1.0" encoding="UTF-8"?>
<!-- Generated by org.testng.reporters.JUnitXMLReporter -->
<testsuite hostname="RSI1548" ignored="1" name="Default test" tests="1" failures="0" timestamp="12 Feb 2020 20:22:03 GMT" time="24.819" errors="0">
  <testcase name="deveBuscarProduto0" time="12.741" classname="br.com.rsinet.appium.tdd.teste.CenarioBuscarHome"/>
  <testcase name="deveBuscarProduto1" time="0.0" classname="br.com.rsinet.appium.tdd.teste.CenarioBuscarHome">
    <ignored/>
  </testcase> <!-- deveBuscarProduto1 -->
</testsuite> <!-- Default test -->
