<?xml version="1.0" encoding="UTF-8"?>
<!-- Generated by org.testng.reporters.JUnitXMLReporter -->
<testsuite hostname="RSI1548" ignored="1" name="Default test" tests="1" failures="0" timestamp="06 fev 2020 18:58:50 GMT" time="28.631" errors="0">
  <testcase name="deveBuscarProduto1" time="18.747" classname="br.com.rsinet.appium.tdd.teste.CenarioBuscarHome"/>
  <testcase name="deveBuscarProduto0" time="0.0" classname="br.com.rsinet.appium.tdd.teste.CenarioBuscarHome">
    <ignored/>
  </testcase> <!-- deveBuscarProduto0 -->
</testsuite> <!-- Default test -->
