<?xml version="1.0" encoding="UTF-8"?>
<testng-results skipped="0" failed="0" ignored="1" total="2" passed="1">
  <reporter-output>
  </reporter-output>
  <suite name="Default suite" duration-ms="30865" started-at="2020-02-12T17:04:32Z" finished-at="2020-02-12T17:05:02Z">
    <groups>
    </groups>
    <test name="Default test" duration-ms="30865" started-at="2020-02-12T17:04:32Z" finished-at="2020-02-12T17:05:02Z">
      <class name="br.com.rsinet.appium.tdd.teste.CenarioBuscarHome">
        <test-method status="PASS" signature="report()[pri:0, instance:br.com.rsinet.appium.tdd.teste.CenarioBuscarHome@7cd62f43]" name="report" is-config="true" duration-ms="113" started-at="2020-02-12T14:04:32Z" finished-at="2020-02-12T14:04:32Z">
          <reporter-output>
          </reporter-output>
        </test-method> <!-- report -->
        <test-method status="PASS" signature="inicio()[pri:0, instance:br.com.rsinet.appium.tdd.teste.CenarioBuscarHome@7cd62f43]" name="inicio" is-config="true" duration-ms="8470" started-at="2020-02-12T14:04:32Z" finished-at="2020-02-12T14:04:40Z">
          <reporter-output>
          </reporter-output>
        </test-method> <!-- inicio -->
        <test-method status="PASS" signature="deveBuscarProduto1()[pri:0, instance:br.com.rsinet.appium.tdd.teste.CenarioBuscarHome@7cd62f43]" name="deveBuscarProduto1" duration-ms="21033" started-at="2020-02-12T14:04:40Z" finished-at="2020-02-12T14:05:01Z">
          <reporter-output>
          </reporter-output>
        </test-method> <!-- deveBuscarProduto1 -->
        <test-method status="PASS" signature="finalizar(org.testng.ITestResult)[pri:0, instance:br.com.rsinet.appium.tdd.teste.CenarioBuscarHome@7cd62f43]" name="finalizar" is-config="true" duration-ms="910" started-at="2020-02-12T14:05:01Z" finished-at="2020-02-12T14:05:02Z">
          <params>
            <param index="0">
              <value>
                <![CDATA[[TestResult name=deveBuscarProduto1 status=SUCCESS method=CenarioBuscarHome.deveBuscarProduto1()[pri:0, instance:br.com.rsinet.appium.tdd.teste.CenarioBuscarHome@7cd62f43] output={null}]]]>
              </value>
            </param>
          </params>
          <reporter-output>
          </reporter-output>
        </test-method> <!-- finalizar -->
        <test-method status="PASS" signature="finalizandoReport()[pri:0, instance:br.com.rsinet.appium.tdd.teste.CenarioBuscarHome@7cd62f43]" name="finalizandoReport" is-config="true" duration-ms="329" started-at="2020-02-12T14:05:02Z" finished-at="2020-02-12T14:05:02Z">
          <reporter-output>
          </reporter-output>
        </test-method> <!-- finalizandoReport -->
      </class> <!-- br.com.rsinet.appium.tdd.teste.CenarioBuscarHome -->
    </test> <!-- Default test -->
  </suite> <!-- Default suite -->
</testng-results>
